<?xml version="1.0" encoding="utf-8"?><testsuites name="pytest tests"><testsuite name="pytest" errors="0" failures="0" skipped="0" tests="11" time="0.893" timestamp="2026-01-13T17:36:42.115465+00:00" hostname="agent-env-8e532ba4-a0c0-4d4a-9cc1-296942420bb3"><testcase classname="tests.test_logo_upload.TestLogoUploadEndpoints" name="test_upload_logo_png" time="0.110" /><testcase classname="tests.test_logo_upload.TestLogoUploadEndpoints" name="test_upload_logo_jpeg" time="0.055" /><testcase classname="tests.test_logo_upload.TestLogoUploadEndpoints" name="test_upload_logo_invalid_type" time="0.036" /><testcase classname="tests.test_logo_upload.TestLogoUploadEndpoints" name="test_upload_logo_missing_brand_name" time="0.046" /><testcase classname="tests.test_logo_upload.TestLogoUploadEndpoints" name="test_list_logos" time="0.080" /><testcase classname="tests.test_logo_upload.TestLogoUploadEndpoints" name="test_delete_logo" time="0.041" /><testcase classname="tests.test_logo_upload.TestLogoUploadEndpoints" name="test_delete_nonexistent_logo" time="0.038" /><testcase classname="tests.test_logo_upload.TestLogoUploadEndpoints" name="test_upload_and_verify_in_list" time="0.109" /><testcase classname="tests.test_logo_upload.TestSiteSectionsWithLogos" name="test_get_trust_badges_section" time="0.034" /><testcase classname="tests.test_logo_upload.TestSiteSectionsWithLogos" name="test_client_logos_with_logo_url_displayed" time="0.076" /><testcase classname="tests.test_logo_upload.TestImageResizing" name="test_large_image_gets_resized" time="0.066" /></testsuite></testsuites>