<?xml version="1.0" encoding="utf-8"?><testsuites name="pytest tests"><testsuite name="pytest" errors="0" failures="0" skipped="0" tests="22" time="4.257" timestamp="2026-01-13T10:53:36.223134+00:00" hostname="agent-env-7441d05b-b182-4832-9900-8528cc26e534"><testcase classname="tests.test_admin_auth.TestAuthBootstrap" name="test_bootstrap_admin" time="0.093" /><testcase classname="tests.test_admin_auth.TestAuthLogin" name="test_login_success" time="0.263" /><testcase classname="tests.test_admin_auth.TestAuthLogin" name="test_login_invalid_email" time="0.041" /><testcase classname="tests.test_admin_auth.TestAuthLogin" name="test_login_invalid_password" time="0.266" /><testcase classname="tests.test_admin_auth.TestAuthMe" name="test_get_current_user" time="0.306" /><testcase classname="tests.test_admin_auth.TestAuthMe" name="test_get_me_without_token" time="0.031" /><testcase classname="tests.test_admin_auth.TestSiteSections" name="test_get_all_sections_public" time="0.039" /><testcase classname="tests.test_admin_auth.TestSiteSections" name="test_get_header_section" time="0.036" /><testcase classname="tests.test_admin_auth.TestSiteSections" name="test_get_hero_section" time="0.038" /><testcase classname="tests.test_admin_auth.TestSiteSections" name="test_get_stats_section" time="0.034" /><testcase classname="tests.test_admin_auth.TestSiteSections" name="test_get_trust_badges_section" time="0.076" /><testcase classname="tests.test_admin_auth.TestSiteSections" name="test_get_footer_section" time="0.038" /><testcase classname="tests.test_admin_auth.TestSiteSections" name="test_get_invalid_section" time="0.038" /><testcase classname="tests.test_admin_auth.TestSiteSections" name="test_update_section_requires_auth" time="0.034" /><testcase classname="tests.test_admin_auth.TestSiteSections" name="test_update_header_section" time="0.464" /><testcase classname="tests.test_admin_auth.TestSiteSections" name="test_update_invalid_section_key" time="0.297" /><testcase classname="tests.test_admin_auth.TestCMSEndpoints" name="test_get_services" time="0.339" /><testcase classname="tests.test_admin_auth.TestCMSEndpoints" name="test_get_blog_posts" time="0.332" /><testcase classname="tests.test_admin_auth.TestCMSEndpoints" name="test_get_hubs" time="0.293" /><testcase classname="tests.test_admin_auth.TestCMSEndpoints" name="test_get_redirects" time="0.295" /><testcase classname="tests.test_admin_auth.TestRateLimiting" name="test_rate_limiting_message" time="0.785" /><testcase classname="tests.test_admin_auth.TestHomepageAPI" name="test_homepage_loads_sections" time="0.032" /></testsuite></testsuites>