<?xml version="1.0" encoding="utf-8"?><testsuites name="pytest tests"><testsuite name="pytest" errors="0" failures="0" skipped="0" tests="26" time="1.148" timestamp="2026-01-13T10:16:31.955547+00:00" hostname="agent-env-7441d05b-b182-4832-9900-8528cc26e534"><testcase classname="tests.test_cms_api.TestHealthCheck" name="test_api_root" time="0.067" /><testcase classname="tests.test_cms_api.TestServicesAPI" name="test_list_services" time="0.041" /><testcase classname="tests.test_cms_api.TestServicesAPI" name="test_list_published_services" time="0.037" /><testcase classname="tests.test_cms_api.TestServicesAPI" name="test_get_service_by_slug_google_ads" time="0.034" /><testcase classname="tests.test_cms_api.TestServicesAPI" name="test_get_service_by_slug_meta_ads" time="0.034" /><testcase classname="tests.test_cms_api.TestServicesAPI" name="test_get_service_by_slug_seo" time="0.032" /><testcase classname="tests.test_cms_api.TestServicesAPI" name="test_get_nonexistent_service" time="0.077" /><testcase classname="tests.test_cms_api.TestBlogAPI" name="test_list_blog_posts" time="0.036" /><testcase classname="tests.test_cms_api.TestBlogAPI" name="test_list_published_blog_posts" time="0.036" /><testcase classname="tests.test_cms_api.TestBlogAPI" name="test_get_blog_post_google_ads_hatalari" time="0.035" /><testcase classname="tests.test_cms_api.TestBlogAPI" name="test_get_blog_post_kalite_puani" time="0.036" /><testcase classname="tests.test_cms_api.TestBlogAPI" name="test_get_nonexistent_blog_post" time="0.035" /><testcase classname="tests.test_cms_api.TestHubsAPI" name="test_list_hubs" time="0.033" /><testcase classname="tests.test_cms_api.TestHubsAPI" name="test_list_published_hubs" time="0.036" /><testcase classname="tests.test_cms_api.TestHubsAPI" name="test_get_hub_google_ads" time="0.037" /><testcase classname="tests.test_cms_api.TestHubsAPI" name="test_get_hub_meta_ads" time="0.034" /><testcase classname="tests.test_cms_api.TestHubsAPI" name="test_get_hub_seo" time="0.038" /><testcase classname="tests.test_cms_api.TestHubsAPI" name="test_get_nonexistent_hub" time="0.036" /><testcase classname="tests.test_cms_api.TestRedirectsAPI" name="test_list_redirects" time="0.036" /><testcase classname="tests.test_cms_api.TestRedirectsAPI" name="test_check_redirect_nonexistent" time="0.037" /><testcase classname="tests.test_cms_api.TestSettingsAPI" name="test_get_settings" time="0.044" /><testcase classname="tests.test_cms_api.TestAuthorsAPI" name="test_list_authors" time="0.043" /><testcase classname="tests.test_cms_api.TestCategoriesAPI" name="test_list_categories" time="0.043" /><testcase classname="tests.test_cms_api.TestDataIntegrity" name="test_services_have_required_fields" time="0.036" /><testcase classname="tests.test_cms_api.TestDataIntegrity" name="test_blog_posts_have_required_fields" time="0.031" /><testcase classname="tests.test_cms_api.TestDataIntegrity" name="test_hubs_have_required_fields" time="0.033" /></testsuite></testsuites>